2026-05-24 06:18:21,393 : INFO : ========================================
2026-05-24 06:18:21,393 : INFO : STARTING SCENARIO : Verify complete ixigo trip planner workflow
2026-05-24 06:18:21,394 : INFO : Launching Chrome Browser
2026-05-24 06:18:21,401 : INFO : ====== WebDriver manager ======
2026-05-24 06:18:22,340 : INFO : Get LATEST chromedriver version for google-chrome
2026-05-24 06:18:23,126 : INFO : Get LATEST chromedriver version for google-chrome
2026-05-24 06:18:24,113 : INFO : WebDriver version 148.0.7778.178 selected
2026-05-24 06:18:24,118 : INFO : Modern chrome version https://storage.googleapis.com/chrome-for-testing-public/148.0.7778.178/win64/chromedriver-win64.zip
2026-05-24 06:18:24,118 : INFO : About to download new driver from https://storage.googleapis.com/chrome-for-testing-public/148.0.7778.178/win64/chromedriver-win64.zip
2026-05-24 06:18:24,404 : INFO : Driver downloading response is 200
2026-05-24 06:18:26,096 : INFO : Driver has been saved in cache [C:\Users\haria\.wdm\drivers\chromedriver\win64\148.0.7778.178]
2026-05-24 06:18:28,234 : INFO : Page loaded successfully
2026-05-24 06:18:28,234 : INFO : Checking for popup
2026-05-24 06:18:30,643 : INFO : Popup closed successfully
2026-05-24 06:18:30,643 : INFO : Browser Opened Successfully
2026-05-24 06:18:30,644 : INFO : All Page Objects Initialized Successfully
2026-05-24 06:18:30,645 : INFO : Ixigo Application Launched Successfully
2026-05-24 06:18:30,647 : INFO : Starting Login Flow
2026-05-24 06:18:30,647 : INFO : Waiting for Login button
2026-05-24 06:18:30,751 : INFO : Login button clicked
2026-05-24 06:18:30,751 : INFO : Login popup opened successfully
2026-05-24 06:18:30,751 : INFO : Entering mobile number
2026-05-24 06:18:31,397 : INFO : Mobile number entered
2026-05-24 06:18:31,397 : INFO : Mobile number entered successfully
2026-05-24 06:18:31,397 : INFO : Clicking Continue button
2026-05-24 06:18:31,577 : INFO : Continue button clicked
2026-05-24 06:18:31,577 : INFO : Continue button clicked successfully
2026-05-24 06:18:31,683 : INFO : Screenshot saved at : reports/screenshots/login_page_20260524_061831.png
2026-05-24 06:18:31,685 : INFO : Waiting for login completion
2026-05-24 06:18:51,685 : INFO : Login completed successfully
2026-05-24 06:18:54,685 : INFO : Login flow completed successfully
2026-05-24 06:18:54,686 : INFO : Starting Planner Flow
2026-05-24 06:18:54,687 : INFO : Waiting for Plan button
2026-05-24 06:18:55,197 : INFO : Plan page opened
2026-05-24 06:18:55,197 : INFO : Plan page clicked successfully
2026-05-24 06:18:55,197 : INFO : Waiting for Travel Month
2026-05-24 06:18:55,321 : INFO : Travel Month clicked
2026-05-24 06:18:55,365 : INFO : August selected
2026-05-24 06:18:55,365 : INFO : Travel month selected successfully
2026-05-24 06:18:55,365 : INFO : Waiting for From location field
2026-05-24 06:18:55,539 : INFO : From location field clicked
2026-05-24 06:18:55,539 : INFO : Entering from location : Chennai
2026-05-24 06:18:55,619 : INFO : From location entered
2026-05-24 06:18:55,619 : INFO : From location entered successfully
2026-05-24 06:18:55,619 : INFO : Selecting location : Chennai
2026-05-24 06:18:56,034 : INFO : Location selected successfully
2026-05-24 06:18:56,034 : INFO : From location selected successfully
2026-05-24 06:18:56,202 : INFO : Screenshot saved at : reports/screenshots/planner_page_20260524_061856.png
2026-05-24 06:18:56,205 : INFO : Planner Flow Completed Successfully
2026-05-24 06:18:56,206 : INFO : Starting Filter Flow
2026-05-24 06:18:56,206 : INFO : Selecting category : International
2026-05-24 06:18:57,081 : INFO : International selected
2026-05-24 06:18:57,081 : INFO : Category selected successfully
2026-05-24 06:18:57,081 : INFO : Selecting filter : Rain
2026-05-24 06:18:58,590 : INFO : Rain selected
2026-05-24 06:18:58,590 : INFO : Filter type selected successfully
2026-05-24 06:18:58,590 : INFO : Selecting country : Malaysia
2026-05-24 06:19:00,209 : INFO : Malaysia selected
2026-05-24 06:19:00,721 : INFO : Page transition to Location Page started
2026-05-24 06:19:00,721 : INFO : Country selected successfully
2026-05-24 06:19:01,031 : INFO : Screenshot saved at : reports/screenshots/filter_page_20260524_061900.png
2026-05-24 06:19:01,033 : INFO : Filter Flow Completed Successfully
2026-05-24 06:19:01,034 : INFO : Starting Tourist Location Flow
2026-05-24 06:19:01,034 : INFO : Scrolling to Places To Visit section
2026-05-24 06:19:02,051 : INFO : Reached Places To Visit section
2026-05-24 06:19:02,052 : INFO : Places To Visit section reached successfully
2026-05-24 06:19:02,052 : INFO : Selecting category : art
2026-05-24 06:19:04,099 : INFO : art selected successfully
2026-05-24 06:19:04,099 : INFO : Location category selected successfully
2026-05-24 06:19:04,099 : INFO : Selecting location : Penang Street Art
2026-05-24 06:19:05,155 : INFO : Penang Street Art selected successfully
2026-05-24 06:19:05,685 : INFO : Tourist location selected successfully
2026-05-24 06:19:05,912 : INFO : Screenshot saved at : reports/screenshots/location_page_20260524_061905.png
2026-05-24 06:19:05,914 : INFO : Tourist Location Selected Successfully
2026-05-24 06:19:05,947 : INFO : Tourist location verified successfully
2026-05-24 06:19:05,948 : INFO : Starting Google Map Verification
2026-05-24 06:19:05,948 : INFO : Waiting for Directions button
2026-05-24 06:19:05,971 : INFO : Clicking Directions button
2026-05-24 06:19:06,067 : INFO : Waiting for Google Maps tab to open...
2026-05-24 06:19:06,082 : INFO : Switched to new tab. Waiting for title to load...
2026-05-24 06:19:08,643 : INFO : Google Maps Title : 5°24'52.6"N 100°20'17.7"E - Google Maps
2026-05-24 06:19:08,649 : INFO : Google Maps page verified
2026-05-24 06:19:08,995 : INFO : Screenshot saved at : reports/screenshots/google_map_page_20260524_061908.png
2026-05-24 06:19:09,055 : INFO : Google Maps tab closed
2026-05-24 06:19:09,057 : INFO : Switched back to Ixigo page
2026-05-24 06:19:09,364 : INFO : Screenshot saved at : reports/screenshots/google_map_page_20260524_061909.png
2026-05-24 06:19:09,365 : INFO : Google map verified successfully
2026-05-24 06:19:09,367 : INFO : Starting Book Now Flow
2026-05-24 06:19:09,367 : INFO : Closing popup
2026-05-24 06:19:15,964 : INFO : Popup closed successfully
2026-05-24 06:19:15,964 : INFO : Smooth scrolling to How To Travel section
2026-05-24 06:19:18,970 : INFO : Locating Book Now section
2026-05-24 06:19:19,985 : INFO : Reached Book Now section
2026-05-24 06:19:19,985 : INFO : Clicking Book Now button
2026-05-24 06:19:21,237 : INFO : Book Now clicked successfully
2026-05-24 06:19:21,367 : INFO : Screenshot saved at : reports/screenshots/book_now_page_20260524_061921.png
2026-05-24 06:19:21,369 : INFO : Book Now Clicked Successfully
2026-05-24 06:19:21,370 : INFO : Starting Flight Details Verification
2026-05-24 06:19:21,370 : INFO : Switching to flight results tab
2026-05-24 06:19:22,094 : INFO : Switched to flight tab and page is fully loaded
2026-05-24 06:19:22,095 : INFO : Flight tab opened successfully
2026-05-24 06:19:22,096 : INFO : Waiting for first Flight Details button
2026-05-24 06:19:23,759 : INFO : First Flight Details clicked successfully
2026-05-24 06:19:26,388 : INFO : Screenshot saved at : reports/screenshots/flight_page_20260524_061926.png
2026-05-24 06:19:26,390 : INFO : Flight details verified successfully
2026-05-24 06:19:26,390 : INFO : ========== END TO END FLOW COMPLETED ==========
2026-05-24 06:19:26,390 : INFO : Scenario Status : Status.passed
2026-05-24 06:19:26,390 : INFO : SCENARIO PASSED : Verify complete ixigo trip planner workflow
2026-05-24 06:19:26,403 : INFO : Logs attached to Allure report
2026-05-24 06:19:28,796 : INFO : Browser Closed Successfully
2026-05-24 06:19:28,846 : INFO : ========================================
2026-05-24 06:19:28,918 : INFO : ========================================
2026-05-24 06:19:28,918 : INFO : STARTING SCENARIO : Verify Plan Page Navigation
2026-05-24 06:19:28,918 : INFO : Launching Chrome Browser
2026-05-24 06:19:28,918 : INFO : ====== WebDriver manager ======
2026-05-24 06:19:29,677 : INFO : Driver [C:\Users\haria\.wdm\drivers\chromedriver\win64\148.0.7778.178\chromedriver-win64/chromedriver.exe] found in cache by browser version
2026-05-24 06:19:31,158 : INFO : Page loaded successfully
2026-05-24 06:19:31,158 : INFO : Checking for popup
2026-05-24 06:19:33,593 : INFO : Popup closed successfully
2026-05-24 06:19:33,593 : INFO : Browser Opened Successfully
2026-05-24 06:19:33,594 : INFO : All Page Objects Initialized Successfully
2026-05-24 06:19:33,595 : INFO : Ixigo Planner Page Launched Successfully
2026-05-24 06:19:33,596 : INFO : Starting Plan Page Navigation
2026-05-24 06:19:33,596 : INFO : Waiting for Plan button
2026-05-24 06:19:36,917 : INFO : Plan page opened
2026-05-24 06:19:37,151 : INFO : Screenshot saved at : reports/screenshots/plan_page_20260524_061936.png
2026-05-24 06:19:37,161 : INFO : Plan Page Verified Successfully
2026-05-24 06:19:37,161 : INFO : Scenario Status : Status.passed
2026-05-24 06:19:37,161 : INFO : SCENARIO PASSED : Verify Plan Page Navigation
2026-05-24 06:19:37,173 : INFO : Logs attached to Allure report
2026-05-24 06:19:39,471 : INFO : Browser Closed Successfully
2026-05-24 06:19:39,471 : INFO : ========================================
2026-05-24 06:19:39,473 : INFO : ========================================
2026-05-24 06:19:39,473 : INFO : STARTING SCENARIO : Verify Travel Month Selection
2026-05-24 06:19:39,473 : INFO : Launching Chrome Browser
2026-05-24 06:19:39,473 : INFO : ====== WebDriver manager ======
2026-05-24 06:19:39,958 : INFO : Driver [C:\Users\haria\.wdm\drivers\chromedriver\win64\148.0.7778.178\chromedriver-win64/chromedriver.exe] found in cache by browser version
2026-05-24 06:19:41,700 : INFO : Page loaded successfully
2026-05-24 06:19:41,700 : INFO : Checking for popup
2026-05-24 06:19:44,262 : INFO : Popup closed successfully
2026-05-24 06:19:44,262 : INFO : Browser Opened Successfully
2026-05-24 06:19:44,263 : INFO : All Page Objects Initialized Successfully
2026-05-24 06:19:44,264 : INFO : Ixigo Planner Page Launched Successfully
2026-05-24 06:19:44,265 : INFO : Starting Travel Month Selection
2026-05-24 06:19:44,265 : INFO : Waiting for Plan button
2026-05-24 06:19:47,438 : INFO : Plan page opened
2026-05-24 06:19:47,438 : INFO : Waiting for Travel Month
2026-05-24 06:19:47,461 : INFO : Travel Month clicked
2026-05-24 06:19:47,508 : INFO : August selected
2026-05-24 06:19:47,599 : INFO : Screenshot saved at : reports/screenshots/travel_month_20260524_061947.png
2026-05-24 06:19:47,612 : INFO : Travel Month Verified Successfully
2026-05-24 06:19:47,613 : INFO : Scenario Status : Status.passed
2026-05-24 06:19:47,613 : INFO : SCENARIO PASSED : Verify Travel Month Selection
2026-05-24 06:19:47,624 : INFO : Logs attached to Allure report
2026-05-24 06:19:49,878 : INFO : Browser Closed Successfully
2026-05-24 06:19:49,878 : INFO : ========================================
2026-05-24 06:19:49,879 : INFO : ========================================
2026-05-24 06:19:49,879 : INFO : STARTING SCENARIO : Verify Filter Selection
2026-05-24 06:19:49,879 : INFO : Launching Chrome Browser
2026-05-24 06:19:49,879 : INFO : ====== WebDriver manager ======
2026-05-24 06:19:50,268 : INFO : Driver [C:\Users\haria\.wdm\drivers\chromedriver\win64\148.0.7778.178\chromedriver-win64/chromedriver.exe] found in cache by browser version
2026-05-24 06:19:51,686 : INFO : Page loaded successfully
2026-05-24 06:19:51,686 : INFO : Checking for popup
2026-05-24 06:19:54,269 : INFO : Popup closed successfully
2026-05-24 06:19:54,269 : INFO : Browser Opened Successfully
2026-05-24 06:19:54,270 : INFO : All Page Objects Initialized Successfully
2026-05-24 06:19:54,271 : INFO : Ixigo Planner Page Launched Successfully
2026-05-24 06:19:54,271 : INFO : Starting Planner Flow
2026-05-24 06:19:54,272 : INFO : Waiting for Plan button
2026-05-24 06:19:54,838 : INFO : Plan page opened
2026-05-24 06:19:54,838 : INFO : Waiting for Travel Month
2026-05-24 06:19:54,920 : INFO : Travel Month clicked
2026-05-24 06:19:54,955 : INFO : August selected
2026-05-24 06:19:54,955 : INFO : Waiting for From location field
2026-05-24 06:19:55,164 : INFO : From location field clicked
2026-05-24 06:19:55,164 : INFO : Entering from location : Chennai
2026-05-24 06:19:55,253 : INFO : From location entered
2026-05-24 06:19:55,253 : INFO : Selecting location : Chennai
2026-05-24 06:19:55,818 : INFO : Location selected successfully
2026-05-24 06:19:56,176 : INFO : Screenshot saved at : reports/screenshots/planner_page_20260524_061955.png
2026-05-24 06:19:56,178 : INFO : Planner Flow Completed Successfully
2026-05-24 06:19:56,178 : INFO : Starting Filter Flow
2026-05-24 06:19:56,178 : INFO : Selecting category : International
2026-05-24 06:19:57,018 : INFO : International selected
2026-05-24 06:19:57,018 : INFO : Selecting filter : Rain
2026-05-24 06:19:57,964 : INFO : Rain selected
2026-05-24 06:19:58,332 : INFO : Screenshot saved at : reports/screenshots/filter_page_20260524_061957.png
2026-05-24 06:19:58,334 : INFO : Filter Applied Successfully
2026-05-24 06:19:58,550 : INFO : Filter Verification Successful
2026-05-24 06:19:58,550 : INFO : Scenario Status : Status.passed
2026-05-24 06:19:58,551 : INFO : SCENARIO PASSED : Verify Filter Selection
2026-05-24 06:19:58,562 : INFO : Logs attached to Allure report
2026-05-24 06:20:00,796 : INFO : Browser Closed Successfully
2026-05-24 06:20:00,796 : INFO : ========================================
2026-05-24 06:20:00,798 : INFO : ========================================
2026-05-24 06:20:00,798 : INFO : STARTING SCENARIO : Verify Tourist Location Selection
2026-05-24 06:20:00,798 : INFO : Launching Chrome Browser
2026-05-24 06:20:00,798 : INFO : ====== WebDriver manager ======
2026-05-24 06:20:01,195 : INFO : Driver [C:\Users\haria\.wdm\drivers\chromedriver\win64\148.0.7778.178\chromedriver-win64/chromedriver.exe] found in cache by browser version
2026-05-24 06:20:02,727 : INFO : Page loaded successfully
2026-05-24 06:20:02,727 : INFO : Checking for popup
2026-05-24 06:20:05,101 : INFO : Popup closed successfully
2026-05-24 06:20:05,101 : INFO : Browser Opened Successfully
2026-05-24 06:20:05,102 : INFO : All Page Objects Initialized Successfully
2026-05-24 06:20:05,103 : INFO : Ixigo Planner Page Launched Successfully
2026-05-24 06:20:05,104 : INFO : Starting Planner Flow
2026-05-24 06:20:05,104 : INFO : Waiting for Plan button
2026-05-24 06:20:05,613 : INFO : Plan page opened
2026-05-24 06:20:05,613 : INFO : Waiting for Travel Month
2026-05-24 06:20:05,688 : INFO : Travel Month clicked
2026-05-24 06:20:05,774 : INFO : August selected
2026-05-24 06:20:05,775 : INFO : Waiting for From location field
2026-05-24 06:20:05,972 : INFO : From location field clicked
2026-05-24 06:20:05,972 : INFO : Entering from location : Chennai
2026-05-24 06:20:06,086 : INFO : From location entered
2026-05-24 06:20:06,086 : INFO : Selecting location : Chennai
2026-05-24 06:20:06,455 : INFO : Location selected successfully
2026-05-24 06:20:06,618 : INFO : Screenshot saved at : reports/screenshots/planner_page_20260524_062006.png
2026-05-24 06:20:06,620 : INFO : Planner Flow Completed Successfully
2026-05-24 06:20:06,623 : INFO : Starting Filter Flow
2026-05-24 06:20:06,623 : INFO : Selecting category : International
2026-05-24 06:20:07,477 : INFO : International selected
2026-05-24 06:20:07,477 : INFO : Selecting filter : Rain
2026-05-24 06:20:08,463 : INFO : Rain selected
2026-05-24 06:20:09,077 : INFO : Screenshot saved at : reports/screenshots/filter_page_20260524_062008.png
2026-05-24 06:20:09,080 : INFO : Filter Applied Successfully
2026-05-24 06:20:09,081 : INFO : Selecting country : Malaysia
2026-05-24 06:20:10,087 : INFO : Malaysia selected
2026-05-24 06:20:10,606 : INFO : Page transition to Location Page started
2026-05-24 06:20:10,606 : INFO : Destination Country Selected Successfully
2026-05-24 06:20:10,607 : INFO : Starting Tourist Location Selection
2026-05-24 06:20:10,607 : INFO : Scrolling to Places To Visit section
2026-05-24 06:20:11,621 : INFO : Reached Places To Visit section
2026-05-24 06:20:11,621 : INFO : Selecting category : art
2026-05-24 06:20:13,673 : INFO : art selected successfully
2026-05-24 06:20:13,673 : INFO : Selecting location : Penang Street Art
2026-05-24 06:20:14,730 : INFO : Penang Street Art selected successfully
2026-05-24 06:20:15,487 : INFO : Screenshot saved at : reports/screenshots/location_page_20260524_062015.png
2026-05-24 06:20:15,489 : INFO : Tourist Location Selected Successfully
2026-05-24 06:20:15,503 : INFO : Tourist Location Verified Successfully
2026-05-24 06:20:15,503 : INFO : Scenario Status : Status.passed
2026-05-24 06:20:15,503 : INFO : SCENARIO PASSED : Verify Tourist Location Selection
2026-05-24 06:20:15,514 : INFO : Logs attached to Allure report
2026-05-24 06:20:17,790 : INFO : Browser Closed Successfully
2026-05-24 06:20:17,790 : INFO : ========================================
2026-05-24 06:20:17,792 : INFO : ========================================
2026-05-24 06:20:17,792 : INFO : STARTING SCENARIO : Verify Invalid Location Search
2026-05-24 06:20:17,792 : INFO : Launching Chrome Browser
2026-05-24 06:20:17,792 : INFO : ====== WebDriver manager ======
2026-05-24 06:20:18,176 : INFO : Driver [C:\Users\haria\.wdm\drivers\chromedriver\win64\148.0.7778.178\chromedriver-win64/chromedriver.exe] found in cache by browser version
2026-05-24 06:20:19,569 : INFO : Page loaded successfully
2026-05-24 06:20:19,569 : INFO : Checking for popup
2026-05-24 06:20:22,155 : INFO : Popup closed successfully
2026-05-24 06:20:22,155 : INFO : Browser Opened Successfully
2026-05-24 06:20:22,156 : INFO : All Page Objects Initialized Successfully
2026-05-24 06:20:22,157 : INFO : Ixigo Planner Page Launched Successfully
2026-05-24 06:20:22,157 : INFO : Starting Invalid Location Test
2026-05-24 06:20:22,157 : INFO : Waiting for Plan button
2026-05-24 06:20:25,423 : INFO : Plan page opened
2026-05-24 06:20:25,423 : INFO : Waiting for From location field
2026-05-24 06:20:25,541 : INFO : From location field clicked
2026-05-24 06:20:25,541 : INFO : Entering from location : abcd
2026-05-24 06:20:25,649 : INFO : From location entered
2026-05-24 06:20:26,126 : INFO : Screenshot saved at : reports/screenshots/invalid_location_20260524_062025.png
2026-05-24 06:20:26,129 : INFO : Invalid Location Entered
2026-05-24 06:20:26,409 : INFO : Invalid Location Error Verified
2026-05-24 06:20:26,409 : INFO : Scenario Status : Status.passed
2026-05-24 06:20:26,409 : INFO : SCENARIO PASSED : Verify Invalid Location Search
2026-05-24 06:20:26,422 : INFO : Logs attached to Allure report
2026-05-24 06:20:28,667 : INFO : Browser Closed Successfully
2026-05-24 06:20:28,668 : INFO : ========================================
2026-05-24 06:20:28,669 : INFO : ========================================
2026-05-24 06:20:28,669 : INFO : STARTING SCENARIO : Verify Book Now Button Absence
2026-05-24 06:20:28,669 : INFO : Launching Chrome Browser
2026-05-24 06:20:28,669 : INFO : ====== WebDriver manager ======
2026-05-24 06:20:29,087 : INFO : Driver [C:\Users\haria\.wdm\drivers\chromedriver\win64\148.0.7778.178\chromedriver-win64/chromedriver.exe] found in cache by browser version
2026-05-24 06:20:30,789 : INFO : Page loaded successfully
2026-05-24 06:20:30,789 : INFO : Checking for popup
2026-05-24 06:20:33,401 : INFO : Popup closed successfully
2026-05-24 06:20:33,401 : INFO : Browser Opened Successfully
2026-05-24 06:20:33,402 : INFO : All Page Objects Initialized Successfully
2026-05-24 06:20:33,402 : INFO : Ixigo Planner Page Launched Successfully
2026-05-24 06:20:33,403 : INFO : Starting Planner Flow
2026-05-24 06:20:33,403 : INFO : Waiting for Plan button
2026-05-24 06:20:36,699 : INFO : Plan page opened
2026-05-24 06:20:36,699 : INFO : Waiting for Travel Month
2026-05-24 06:20:36,722 : INFO : Travel Month clicked
2026-05-24 06:20:36,768 : INFO : August selected
2026-05-24 06:20:36,768 : INFO : Waiting for From location field
2026-05-24 06:20:36,859 : INFO : From location field clicked
2026-05-24 06:20:36,859 : INFO : Entering from location : Chennai
2026-05-24 06:20:36,952 : INFO : From location entered
2026-05-24 06:20:36,952 : INFO : Selecting location : Chennai
2026-05-24 06:20:37,535 : INFO : Location selected successfully
2026-05-24 06:20:37,682 : INFO : Screenshot saved at : reports/screenshots/planner_page_20260524_062037.png
2026-05-24 06:20:37,683 : INFO : Planner Flow Completed Successfully
2026-05-24 06:20:37,686 : INFO : Starting Filter Flow
2026-05-24 06:20:37,686 : INFO : Selecting category : International
2026-05-24 06:20:38,561 : INFO : International selected
2026-05-24 06:20:38,562 : INFO : Selecting filter : Rain
2026-05-24 06:20:39,558 : INFO : Rain selected
2026-05-24 06:20:39,992 : INFO : Screenshot saved at : reports/screenshots/filter_page_20260524_062039.png
2026-05-24 06:20:39,994 : INFO : Filter Applied Successfully
2026-05-24 06:20:39,996 : INFO : Selecting country : Malaysia
2026-05-24 06:20:41,364 : INFO : Malaysia selected
2026-05-24 06:20:42,519 : INFO : Page transition to Location Page started
2026-05-24 06:20:42,519 : INFO : Destination Country Selected Successfully
2026-05-24 06:20:42,520 : INFO : Starting Invalid Route Validation
2026-05-24 06:20:44,234 : INFO : Screenshot saved at : reports/screenshots/invalid_route_20260524_062044.png
2026-05-24 06:20:44,235 : INFO : Invalid Route Selected
2026-05-24 06:20:55,360 : INFO : Book Now Button Absence Verified
2026-05-24 06:20:55,361 : INFO : Scenario Status : Status.passed
2026-05-24 06:20:55,361 : INFO : SCENARIO PASSED : Verify Book Now Button Absence
2026-05-24 06:20:55,372 : INFO : Logs attached to Allure report
2026-05-24 06:20:57,667 : INFO : Browser Closed Successfully
2026-05-24 06:20:57,667 : INFO : ========================================
